<?xml version="1.0" encoding="UTF-8"?>
<!-- Generated by org.testng.reporters.JUnitReportReporter -->
<testsuite hostname="DESKTOP-1MU00UN" failures="0" tests="3" name="com.saucedomoTestNg.practice.TestNGClassOne" time="0.015" errors="0" timestamp="2023-07-16T12:09:55 EDT" skipped="0">
  <testcase classname="com.saucedomoTestNg.practice.TestNGClassOne" name="dosortTest" time="0.013"/>
  <testcase classname="com.saucedomoTestNg.practice.TestNGClassOne" name="login" time="0.001"/>
  <testcase classname="com.saucedomoTestNg.practice.TestNGClassOne" name="logout" time="0.001"/>
</testsuite> <!-- com.saucedomoTestNg.practice.TestNGClassOne -->
