<?xml version="1.0" encoding="UTF-8"?>
<!-- Generated by org.testng.reporters.JUnitReportReporter -->
<testsuite hostname="DESKTOP-1MU00UN" failures="0" tests="1" name="com.saucedomoTestNg.practice.ParallelTwo" time="3.008" errors="0" timestamp="2023-07-16T12:23:18 EDT" skipped="0">
  <testcase classname="com.saucedomoTestNg.practice.ParallelTwo" name="testTwo" time="3.008"/>
</testsuite> <!-- com.saucedomoTestNg.practice.ParallelTwo -->
