<?xml version="1.0" encoding="UTF-8"?>
<!-- Generated by org.testng.reporters.JUnitReportReporter -->
<testsuite hostname="DESKTOP-1MU00UN" failures="0" tests="7" name="com.saucedomoTestNg.practice.SauceDemoTestNGProject" time="28.090" errors="0" timestamp="2023-07-22T13:11:29 EDT" skipped="0">
  <testcase classname="com.saucedomoTestNg.practice.SauceDemoTestNGProject" name="testSingleProduct" time="21.382"/>
  <testcase classname="com.saucedomoTestNg.practice.SauceDemoTestNGProject" name="logoTest" time="0.071"/>
  <testcase classname="com.saucedomoTestNg.practice.SauceDemoTestNGProject" name="producttoCart" time="0.352"/>
  <testcase classname="com.saucedomoTestNg.practice.SauceDemoTestNGProject" name="testProductPage" time="0.060"/>
  <testcase classname="com.saucedomoTestNg.practice.SauceDemoTestNGProject" name="testAtoZ" time="3.100"/>
  <testcase classname="com.saucedomoTestNg.practice.SauceDemoTestNGProject" name="testZtoA" time="3.093"/>
  <testcase classname="com.saucedomoTestNg.practice.SauceDemoTestNGProject" name="productCount" time="0.032"/>
</testsuite> <!-- com.saucedomoTestNg.practice.SauceDemoTestNGProject -->
