<?xml version="1.0" encoding="UTF-8"?>
<!-- Generated by org.testng.reporters.JUnitReportReporter -->
<testsuite hostname="DESKTOP-1MU00UN" failures="0" tests="3" name="com.saucedomoTestNg.practice.dataProviderTest" time="8.969" errors="0" timestamp="2023-07-22T12:55:18 EDT" skipped="0">
  <testcase classname="com.saucedomoTestNg.practice.dataProviderTest" name="login" time="3.833"/>
  <testcase classname="com.saucedomoTestNg.practice.dataProviderTest" name="login" time="2.571"/>
  <testcase classname="com.saucedomoTestNg.practice.dataProviderTest" name="login" time="2.565"/>
</testsuite> <!-- com.saucedomoTestNg.practice.dataProviderTest -->
